<?xml version="1.0" encoding="UTF-8"?>
<coverage generated="1701111765130" clover="3.2.0">
  <project timestamp="1701111765130" name="All files">
    <metrics statements="33" coveredstatements="26" conditionals="6" coveredconditionals="5" methods="12" coveredmethods="9" elements="51" coveredelements="40" complexity="0" loc="33" ncloc="33" packages="2" files="3" classes="3"/>
    <package name="src">
      <metrics statements="15" coveredstatements="14" conditionals="6" coveredconditionals="5" methods="4" coveredmethods="4"/>
      <file name="config.ts" path="C:\Users\samuel_rosero\Documents\introduction\node\nodejs-gmp-coursebook-master\public-for-mentees\5-testing\src\config.ts">
        <metrics statements="2" coveredstatements="2" conditionals="0" coveredconditionals="0" methods="0" coveredmethods="0"/>
        <line num="1" count="1" type="stmt"/>
        <line num="3" count="1" type="stmt"/>
      </file>
      <file name="helpers.ts" path="C:\Users\samuel_rosero\Documents\introduction\node\nodejs-gmp-coursebook-master\public-for-mentees\5-testing\src\helpers.ts">
        <metrics statements="13" coveredstatements="12" conditionals="6" coveredconditionals="5" methods="4" coveredmethods="4"/>
        <line num="1" count="1" type="stmt"/>
        <line num="4" count="1" type="stmt"/>
        <line num="5" count="4" type="stmt"/>
        <line num="8" count="1" type="stmt"/>
        <line num="9" count="1" type="stmt"/>
        <line num="12" count="4" type="stmt"/>
        <line num="13" count="4" type="cond" truecount="3" falsecount="0"/>
        <line num="14" count="2" type="stmt"/>
        <line num="17" count="2" type="cond" truecount="2" falsecount="1"/>
        <line num="18" count="0" type="stmt"/>
        <line num="21" count="2" type="stmt"/>
        <line num="24" count="1" type="stmt"/>
        <line num="25" count="2" type="stmt"/>
      </file>
    </package>
    <package name="src.services">
      <metrics statements="18" coveredstatements="12" conditionals="0" coveredconditionals="0" methods="8" coveredmethods="5"/>
      <file name="public-holidays.service.ts" path="C:\Users\samuel_rosero\Documents\introduction\node\nodejs-gmp-coursebook-master\public-for-mentees\5-testing\src\services\public-holidays.service.ts">
        <metrics statements="18" coveredstatements="12" conditionals="0" coveredconditionals="0" methods="8" coveredmethods="5"/>
        <line num="1" count="1" type="stmt"/>
        <line num="2" count="1" type="stmt"/>
        <line num="3" count="1" type="stmt"/>
        <line num="8" count="2" type="stmt"/>
        <line num="9" count="2" type="stmt"/>
        <line num="12" count="1" type="stmt"/>
        <line num="15" count="2" type="stmt"/>
        <line num="17" count="0" type="stmt"/>
        <line num="21" count="2" type="stmt"/>
        <line num="22" count="2" type="stmt"/>
        <line num="25" count="1" type="stmt"/>
        <line num="26" count="1" type="stmt"/>
        <line num="28" count="0" type="stmt"/>
        <line num="32" count="1" type="stmt"/>
        <line num="33" count="0" type="stmt"/>
        <line num="36" count="0" type="stmt"/>
        <line num="39" count="0" type="stmt"/>
        <line num="41" count="0" type="stmt"/>
      </file>
    </package>
  </project>
</coverage>
