{"C:\\Users\\samuel_rosero\\Documents\\introduction\\node\\nodejs-gmp-coursebook-master\\public-for-mentees\\5-testing\\src\\config.ts": {"path":"C:\\Users\\samuel_rosero\\Documents\\introduction\\node\\nodejs-gmp-coursebook-master\\public-for-mentees\\5-testing\\src\\config.ts","statementMap":{"0":{"start":{"line":1,"column":13},"end":{"line":1,"column":70}},"1":{"start":{"line":3,"column":13},"end":{"line":3,"column":60}}},"fnMap":{},"branchMap":{},"s":{"0":3,"1":3},"f":{},"b":{}}
,"C:\\Users\\samuel_rosero\\Documents\\introduction\\node\\nodejs-gmp-coursebook-master\\public-for-mentees\\5-testing\\src\\helpers.ts": {"path":"C:\\Users\\samuel_rosero\\Documents\\introduction\\node\\nodejs-gmp-coursebook-master\\public-for-mentees\\5-testing\\src\\helpers.ts","statementMap":{"0":{"start":{"line":1,"column":0},"end":{"line":1,"column":47}},"1":{"start":{"line":4,"column":24},"end":{"line":6,"column":1}},"2":{"start":{"line":5,"column":2},"end":{"line":5,"column":47}},"3":{"start":{"line":8,"column":21},"end":{"line":10,"column":1}},"4":{"start":{"line":9,"column":2},"end":{"line":9,"column":43}},"5":{"start":{"line":12,"column":29},"end":{"line":22,"column":1}},"6":{"start":{"line":12,"column":36},"end":{"line":12,"column":38}},"7":{"start":{"line":12,"column":45},"end":{"line":12,"column":84}},"8":{"start":{"line":13,"column":2},"end":{"line":15,"column":null}},"9":{"start":{"line":14,"column":4},"end":{"line":14,"column":79}},"10":{"start":{"line":17,"column":2},"end":{"line":19,"column":null}},"11":{"start":{"line":18,"column":4},"end":{"line":18,"column":72}},"12":{"start":{"line":21,"column":2},"end":{"line":21,"column":14}},"13":{"start":{"line":12,"column":13},"end":{"line":12,"column":29}},"14":{"start":{"line":24,"column":36},"end":{"line":30,"column":1}},"15":{"start":{"line":25,"column":2},"end":{"line":29,"column":4}},"16":{"start":{"line":24,"column":13},"end":{"line":24,"column":36}}},"fnMap":{"0":{"name":"(anonymous_0)","decl":{"start":{"line":4,"column":24},"end":{"line":4,"column":25}},"loc":{"start":{"line":4,"column":40},"end":{"line":6,"column":1}}},"1":{"name":"(anonymous_1)","decl":{"start":{"line":8,"column":21},"end":{"line":8,"column":22}},"loc":{"start":{"line":8,"column":34},"end":{"line":10,"column":1}}},"2":{"name":"(anonymous_2)","decl":{"start":{"line":12,"column":29},"end":{"line":12,"column":30}},"loc":{"start":{"line":12,"column":84},"end":{"line":22,"column":1}}},"3":{"name":"(anonymous_3)","decl":{"start":{"line":24,"column":36},"end":{"line":24,"column":37}},"loc":{"start":{"line":24,"column":59},"end":{"line":30,"column":1}}}},"branchMap":{"0":{"loc":{"start":{"line":13,"column":2},"end":{"line":15,"column":null}},"type":"if","locations":[{"start":{"line":13,"column":2},"end":{"line":15,"column":null}}]},"1":{"loc":{"start":{"line":13,"column":6},"end":{"line":13,"column":42}},"type":"binary-expr","locations":[{"start":{"line":13,"column":6},"end":{"line":13,"column":13}},{"start":{"line":13,"column":17},"end":{"line":13,"column":42}}]},"2":{"loc":{"start":{"line":17,"column":2},"end":{"line":19,"column":null}},"type":"if","locations":[{"start":{"line":17,"column":2},"end":{"line":19,"column":null}}]},"3":{"loc":{"start":{"line":17,"column":6},"end":{"line":17,"column":33}},"type":"binary-expr","locations":[{"start":{"line":17,"column":6},"end":{"line":17,"column":10}},{"start":{"line":17,"column":14},"end":{"line":17,"column":33}}]}},"s":{"0":3,"1":3,"2":13,"3":3,"4":4,"5":3,"6":14,"7":14,"8":14,"9":6,"10":8,"11":1,"12":7,"13":3,"14":3,"15":27,"16":3},"f":{"0":13,"1":4,"2":14,"3":27},"b":{"0":[6],"1":[14,13],"2":[1],"3":[8,4]}}
,"C:\\Users\\samuel_rosero\\Documents\\introduction\\node\\nodejs-gmp-coursebook-master\\public-for-mentees\\5-testing\\src\\services\\public-holidays.service.ts": {"path":"C:\\Users\\samuel_rosero\\Documents\\introduction\\node\\nodejs-gmp-coursebook-master\\public-for-mentees\\5-testing\\src\\services\\public-holidays.service.ts","statementMap":{"0":{"start":{"line":1,"column":0},"end":{"line":1,"column":26}},"1":{"start":{"line":2,"column":0},"end":{"line":2,"column":52}},"2":{"start":{"line":3,"column":0},"end":{"line":3,"column":65}},"3":{"start":{"line":8,"column":39},"end":{"line":22,"column":2}},"4":{"start":{"line":10,"column":17},"end":{"line":22,"column":2}},"5":{"start":{"line":12,"column":2},"end":{"line":12,"column":35}},"6":{"start":{"line":15,"column":37},"end":{"line":17,"column":null}},"7":{"start":{"line":15,"column":18},"end":{"line":15,"column":37}},"8":{"start":{"line":18,"column":4},"end":{"line":18,"column":74}},"9":{"start":{"line":18,"column":43},"end":{"line":18,"column":73}},"10":{"start":{"line":20,"column":4},"end":{"line":20,"column":14}},"11":{"start":{"line":8,"column":13},"end":{"line":8,"column":39}},"12":{"start":{"line":24,"column":43},"end":{"line":35,"column":2}},"13":{"start":{"line":24,"column":65},"end":{"line":35,"column":2}},"14":{"start":{"line":25,"column":2},"end":{"line":25,"column":29}},"15":{"start":{"line":28,"column":23},"end":{"line":30,"column":null}},"16":{"start":{"line":28,"column":12},"end":{"line":28,"column":23}},"17":{"start":{"line":31,"column":4},"end":{"line":31,"column":26}},"18":{"start":{"line":33,"column":4},"end":{"line":33,"column":17}},"19":{"start":{"line":24,"column":13},"end":{"line":24,"column":43}},"20":{"start":{"line":37,"column":37},"end":{"line":50,"column":2}},"21":{"start":{"line":38,"column":17},"end":{"line":50,"column":2}},"22":{"start":{"line":40,"column":2},"end":{"line":40,"column":29}},"23":{"start":{"line":43,"column":37},"end":{"line":45,"column":null}},"24":{"start":{"line":43,"column":18},"end":{"line":43,"column":37}},"25":{"start":{"line":46,"column":4},"end":{"line":46,"column":74}},"26":{"start":{"line":46,"column":43},"end":{"line":46,"column":73}},"27":{"start":{"line":48,"column":4},"end":{"line":48,"column":14}},"28":{"start":{"line":37,"column":13},"end":{"line":37,"column":37}}},"fnMap":{"0":{"name":"(anonymous_14)","decl":{"start":{"line":8,"column":39},"end":{"line":8,"column":null}},"loc":{"start":{"line":10,"column":17},"end":{"line":22,"column":2}}},"1":{"name":"(anonymous_15)","decl":{"start":{"line":10,"column":17},"end":{"line":10,"column":null}},"loc":{"start":{"line":10,"column":17},"end":{"line":22,"column":2}}},"2":{"name":"(anonymous_17)","decl":{"start":{"line":18,"column":30},"end":{"line":18,"column":31}},"loc":{"start":{"line":18,"column":38},"end":{"line":18,"column":63}}},"3":{"name":"(anonymous_18)","decl":{"start":{"line":24,"column":43},"end":{"line":24,"column":50}},"loc":{"start":{"line":24,"column":65},"end":{"line":35,"column":2}}},"4":{"name":"(anonymous_19)","decl":{"start":{"line":24,"column":65},"end":{"line":24,"column":null}},"loc":{"start":{"line":24,"column":65},"end":{"line":35,"column":2}}},"5":{"name":"(anonymous_21)","decl":{"start":{"line":37,"column":37},"end":{"line":37,"column":null}},"loc":{"start":{"line":38,"column":17},"end":{"line":50,"column":2}}},"6":{"name":"(anonymous_22)","decl":{"start":{"line":38,"column":17},"end":{"line":38,"column":null}},"loc":{"start":{"line":38,"column":17},"end":{"line":50,"column":2}}},"7":{"name":"(anonymous_24)","decl":{"start":{"line":46,"column":30},"end":{"line":46,"column":31}},"loc":{"start":{"line":46,"column":38},"end":{"line":46,"column":63}}}},"branchMap":{},"s":{"0":2,"1":2,"2":2,"3":2,"4":4,"5":4,"6":2,"7":2,"8":2,"9":13,"10":0,"11":2,"12":2,"13":3,"14":3,"15":2,"16":2,"17":2,"18":0,"19":2,"20":2,"21":4,"22":4,"23":2,"24":2,"25":2,"26":13,"27":0,"28":2},"f":{"0":4,"1":4,"2":13,"3":3,"4":3,"5":4,"6":4,"7":13},"b":{}}
}
