TN:
SF:src\config.ts
FNF:0
FNH:0
DA:1,4
DA:3,4
LF:2
LH:2
BRF:0
BRH:0
end_of_record
TN:
SF:src\helpers.ts
FN:4,(anonymous_0)
FN:8,(anonymous_1)
FN:12,(anonymous_2)
FN:24,(anonymous_3)
FNF:4
FNH:4
FNDA:13,(anonymous_0)
FNDA:4,(anonymous_1)
FNDA:14,(anonymous_2)
FNDA:27,(anonymous_3)
DA:1,3
DA:4,3
DA:5,13
DA:8,3
DA:9,4
DA:12,14
DA:13,14
DA:14,6
DA:17,8
DA:18,1
DA:21,7
DA:24,3
DA:25,27
LF:13
LH:13
BRDA:13,0,0,6
BRDA:13,1,0,14
BRDA:13,1,1,13
BRDA:17,2,0,1
BRDA:17,3,0,8
BRDA:17,3,1,4
BRF:6
BRH:6
end_of_record
TN:
SF:src\services\public-holidays.service.ts
FN:8,(anonymous_14)
FN:10,(anonymous_15)
FN:18,(anonymous_17)
FN:24,(anonymous_18)
FN:24,(anonymous_19)
FN:37,(anonymous_21)
FN:38,(anonymous_22)
FN:46,(anonymous_24)
FNF:8
FNH:8
FNDA:4,(anonymous_14)
FNDA:4,(anonymous_15)
FNDA:13,(anonymous_17)
FNDA:3,(anonymous_18)
FNDA:3,(anonymous_19)
FNDA:4,(anonymous_21)
FNDA:4,(anonymous_22)
FNDA:13,(anonymous_24)
DA:1,2
DA:2,2
DA:3,2
DA:8,2
DA:10,4
DA:12,4
DA:15,2
DA:18,13
DA:20,0
DA:24,3
DA:25,3
DA:28,2
DA:31,2
DA:33,0
DA:37,2
DA:38,4
DA:40,4
DA:43,2
DA:46,13
DA:48,0
LF:20
LH:17
BRF:0
BRH:0
end_of_record
